<?xml version="1.0" encoding="UTF-8"?>
<!-- Generated by org.testng.reporters.JUnitReportReporter -->
<testsuite hostname="DELL" failures="0" tests="1" name="testcases.NewTest2" time="0.023" errors="0" timestamp="2022-09-15T12:28:49 IST" skipped="0">
  <testcase classname="testcases.NewTest2" name="f" time="0.023"/>
  <system-out/>
</testsuite> <!-- testcases.NewTest2 -->
